<?xml version="1.0" encoding="UTF-8"?>
<!-- Generated by org.testng.reporters.JUnitReportReporter -->
<testsuite hostname="LAPTOP-BAJU94J3" failures="0" tests="3" name="section3.DemoTestNG" time="0.063" errors="0" timestamp="2023-08-26T10:03:41 IST" skipped="0">
  <testcase classname="section3.DemoTestNG" name="b" time="0.005"/>
  <system-out/>
  <testcase classname="section3.DemoTestNG" name="a" time="0.053"/>
  <system-out/>
  <testcase classname="section3.DemoTestNG" name="c" time="0.005"/>
  <system-out/>
</testsuite> <!-- section3.DemoTestNG -->
